<?xml version="1.0" encoding="UTF-8"?>
<!-- Generated by org.testng.reporters.JUnitReportReporter -->
<testsuite skipped="0" hostname="user-PC" name="regressionscripts.Invalid" tests="2" failures="0" timestamp="2020-04-19T14:51:37 IST" time="77.330" errors="0">
  <testcase name="Login" time="40.892" classname="regressionscripts.Invalid"/>
  <system-out/>
  <testcase name="Login" time="36.438" classname="regressionscripts.Invalid"/>
  <system-out/>
</testsuite> <!-- regressionscripts.Invalid -->
