<?xml version="1.0" encoding="UTF-8"?>
<!-- Generated by org.testng.reporters.JUnitReportReporter -->
<testsuite skipped="0" hostname="user-PC" name="regressionscripts.Valid" tests="2" failures="0" timestamp="2020-04-24T15:05:44 IST" time="72.176" errors="0">
  <testcase name="Login" time="50.497" classname="regressionscripts.Valid"/>
  <system-out/>
  <testcase name="Login" time="21.679" classname="regressionscripts.Valid"/>
  <system-out/>
</testsuite> <!-- regressionscripts.Valid -->
