<?xml version="1.0" encoding="UTF-8"?>
<!-- Generated by org.testng.reporters.JUnitReportReporter -->
<testsuite skipped="0" hostname="user-PC" name="regressionscripts.Invalid" tests="2" failures="0" timestamp="2020-04-24T15:05:44 IST" time="56.854" errors="0">
  <testcase name="Login" time="26.850" classname="regressionscripts.Invalid"/>
  <system-out/>
  <testcase name="Login" time="30.004" classname="regressionscripts.Invalid"/>
  <system-out/>
</testsuite> <!-- regressionscripts.Invalid -->
